  pch.cpp
  BinaryDeserializer.cpp
  CenterCreator.cpp
  dllmain.cpp
  DX11MeshFactory.cpp
  InputLayout.cpp
  MatDeserializer.cpp
  MatSerializer.cpp
  DX11ResourceManager.cpp
D:\KOCCA_SVN\GA2ndFinal_HuriPyeo\5_Project\ResourceManager\ResourceManager\DX11ResourceManager.cpp(243,23): warning C4101: 'desc' :참조되지 않은 지역 변수입니다.
D:\KOCCA_SVN\GA2ndFinal_HuriPyeo\5_Project\ResourceManager\ResourceManager\DX11ResourceManager.cpp(813,37): warning C4101: 'e' :참조되지 않은 지역 변수입니다.
D:\KOCCA_SVN\GA2ndFinal_HuriPyeo\5_Project\ResourceManager\ResourceManager\DX11ResourceManager.cpp(817,28): warning C4101: 'e' :참조되지 않은 지역 변수입니다.
D:\KOCCA_SVN\GA2ndFinal_HuriPyeo\5_Project\ResourceManager\ResourceManager\DX11ResourceManager.cpp(838,37): warning C4101: 'e' :참조되지 않은 지역 변수입니다.
D:\KOCCA_SVN\GA2ndFinal_HuriPyeo\5_Project\ResourceManager\ResourceManager\DX11ResourceManager.cpp(842,28): warning C4101: 'e' :참조되지 않은 지역 변수입니다.
D:\KOCCA_SVN\GA2ndFinal_HuriPyeo\5_Project\ResourceManager\ResourceManager\DX11ResourceManager.cpp(863,37): warning C4101: 'e' :참조되지 않은 지역 변수입니다.
D:\KOCCA_SVN\GA2ndFinal_HuriPyeo\5_Project\ResourceManager\ResourceManager\DX11ResourceManager.cpp(867,28): warning C4101: 'e' :참조되지 않은 지역 변수입니다.
D:\KOCCA_SVN\GA2ndFinal_HuriPyeo\5_Project\ResourceManager\ResourceManager\DX11ResourceManager.cpp(888,37): warning C4101: 'e' :참조되지 않은 지역 변수입니다.
D:\KOCCA_SVN\GA2ndFinal_HuriPyeo\5_Project\ResourceManager\ResourceManager\DX11ResourceManager.cpp(892,28): warning C4101: 'e' :참조되지 않은 지역 변수입니다.
D:\KOCCA_SVN\GA2ndFinal_HuriPyeo\5_Project\ResourceManager\ResourceManager\DX11ResourceManager.cpp(911,37): warning C4101: 'e' :참조되지 않은 지역 변수입니다.
D:\KOCCA_SVN\GA2ndFinal_HuriPyeo\5_Project\ResourceManager\ResourceManager\DX11ResourceManager.cpp(915,28): warning C4101: 'e' :참조되지 않은 지역 변수입니다.
D:\KOCCA_SVN\GA2ndFinal_HuriPyeo\5_Project\ResourceManager\ResourceManager\DX11ResourceManager.cpp(934,37): warning C4101: 'e' :참조되지 않은 지역 변수입니다.
D:\KOCCA_SVN\GA2ndFinal_HuriPyeo\5_Project\ResourceManager\ResourceManager\DX11ResourceManager.cpp(938,28): warning C4101: 'e' :참조되지 않은 지역 변수입니다.
D:\KOCCA_SVN\GA2ndFinal_HuriPyeo\5_Project\ResourceManager\ResourceManager\DX11ResourceManager.cpp(958,37): warning C4101: 'e' :참조되지 않은 지역 변수입니다.
D:\KOCCA_SVN\GA2ndFinal_HuriPyeo\5_Project\ResourceManager\ResourceManager\DX11ResourceManager.cpp(962,28): warning C4101: 'e' :참조되지 않은 지역 변수입니다.
D:\KOCCA_SVN\GA2ndFinal_HuriPyeo\5_Project\ResourceManager\ResourceManager\DX11ResourceManager.cpp(981,37): warning C4101: 'e' :참조되지 않은 지역 변수입니다.
D:\KOCCA_SVN\GA2ndFinal_HuriPyeo\5_Project\ResourceManager\ResourceManager\DX11ResourceManager.cpp(985,28): warning C4101: 'e' :참조되지 않은 지역 변수입니다.
D:\KOCCA_SVN\GA2ndFinal_HuriPyeo\5_Project\ResourceManager\ResourceManager\DX11ResourceManager.cpp(1004,37): warning C4101: 'e' :참조되지 않은 지역 변수입니다.
D:\KOCCA_SVN\GA2ndFinal_HuriPyeo\5_Project\ResourceManager\ResourceManager\DX11ResourceManager.cpp(1008,28): warning C4101: 'e' :참조되지 않은 지역 변수입니다.
C:\Program Files (x86)\Microsoft Visual Studio\2019\Community\VC\Tools\MSVC\14.29.30133\include\utility(193,48): warning C4267: '초기화 중': 'size_t'에서 '_Ty2'(으)로 변환하면서 데이터가 손실될 수 있습니다.
          with
          [
              _Ty2=unsigned int
          ]
D:\KOCCA_SVN\GA2ndFinal_HuriPyeo\5_Project\ResourceManager\ResourceManager\DX11ResourceManager.cpp(62): message : 컴파일되는 함수 템플릿 인스턴스화 'std::pair<std::string,unsigned int>::pair<std::string&,unsigned __int64,0>(_Other1,_Other2 &&) noexcept(false)'에 대한 참조를 확인하세요.
          with
          [
              _Other1=std::string &,
              _Other2=unsigned __int64
          ]
D:\KOCCA_SVN\GA2ndFinal_HuriPyeo\5_Project\ResourceManager\ResourceManager\DX11ResourceManager.cpp(62): message : 컴파일되는 함수 템플릿 인스턴스화 'std::pair<std::string,unsigned int>::pair<std::string&,unsigned __int64,0>(_Other1,_Other2 &&) noexcept(false)'에 대한 참조를 확인하세요.
          with
          [
              _Other1=std::string &,
              _Other2=unsigned __int64
          ]
C:\Program Files (x86)\Microsoft Visual Studio\2019\Community\VC\Tools\MSVC\14.29.30133\include\xutility(158,77): warning C4244: '인수': '_Ty'에서 'float'(으)로 변환하면서 데이터가 손실될 수 있습니다.
          with
          [
              _Ty=int
          ]
C:\Program Files (x86)\Microsoft Visual Studio\2019\Community\VC\Tools\MSVC\14.29.30133\include\memory(2021): message : 컴파일되는 함수 템플릿 인스턴스화 'void std::_Construct_in_place<_Ty,std::string&,UINT&,UINT&,int,Microsoft::WRL::ComPtr<ID3D11ShaderResourceView>&>(_Ty &,std::string &,UINT &,UINT &,int &&,Microsoft::WRL::ComPtr<ID3D11ShaderResourceView> &) noexcept(false)'에 대한 참조를 확인하세요.
          with
          [
              _Ty=SpriteData
          ]
C:\Program Files (x86)\Microsoft Visual Studio\2019\Community\VC\Tools\MSVC\14.29.30133\include\memory(2747): message : 컴파일되는 함수 템플릿 인스턴스화 'std::_Ref_count_obj2<_Ty>::_Ref_count_obj2<std::string&,UINT&,UINT&,int,Microsoft::WRL::ComPtr<ID3D11ShaderResourceView>&>(std::string &,UINT &,UINT &,int &&,Microsoft::WRL::ComPtr<ID3D11ShaderResourceView> &)'에 대한 참조를 확인하세요.
          with
          [
              _Ty=SpriteData
          ]
C:\Program Files (x86)\Microsoft Visual Studio\2019\Community\VC\Tools\MSVC\14.29.30133\include\memory(2748): message : 컴파일되는 함수 템플릿 인스턴스화 'std::_Ref_count_obj2<_Ty>::_Ref_count_obj2<std::string&,UINT&,UINT&,int,Microsoft::WRL::ComPtr<ID3D11ShaderResourceView>&>(std::string &,UINT &,UINT &,int &&,Microsoft::WRL::ComPtr<ID3D11ShaderResourceView> &)'에 대한 참조를 확인하세요.
          with
          [
              _Ty=SpriteData
          ]
D:\KOCCA_SVN\GA2ndFinal_HuriPyeo\5_Project\ResourceManager\ResourceManager\DX11ResourceManager.cpp(407): message : 컴파일되는 함수 템플릿 인스턴스화 'std::shared_ptr<SpriteData> std::make_shared<SpriteData,std::string&,UINT&,UINT&,int,Microsoft::WRL::ComPtr<ID3D11ShaderResourceView>&>(std::string &,UINT &,UINT &,int &&,Microsoft::WRL::ComPtr<ID3D11ShaderResourceView> &)'에 대한 참조를 확인하세요.
C:\Program Files (x86)\Microsoft Visual Studio\2019\Community\VC\Tools\MSVC\14.29.30133\include\xutility(158,77): warning C4244: '인수': 'UINT'에서 'float'(으)로 변환하면서 데이터가 손실될 수 있습니다.
  Shaders.cpp
  TextLoader.cpp
  VertexHelper.cpp
     D:\KOCCA_SVN\GA2ndFinal_HuriPyeo\5_Project\SeedVault\x64\Release\ResourceManager_Release.lib 라이브러리 및 D:\KOCCA_SVN\GA2ndFinal_HuriPyeo\5_Project\SeedVault\x64\Release\ResourceManager_Release.exp 개체를 생성하고 있습니다.
  코드를 생성하고 있습니다.
  Previous IPDB not found, fall back to full compilation.
D:\KOCCA_SVN\GA2ndFinal_HuriPyeo\5_Project\ResourceManager\ResourceManager\DX11ResourceManager.cpp(772): warning C4715: 'DX11ResourceManager::GetMaterialCalibrateFactor': 모든 제어 경로에서 값을 반환하지는 않습니다.
D:\KOCCA_SVN\GA2ndFinal_HuriPyeo\5_Project\ResourceManager\ResourceManager\InputLayout.cpp(85): warning C4715: 'InputLayout::CrateInputLayoutFromVertexShader': 모든 제어 경로에서 값을 반환하지는 않습니다.
  All 4553 functions were compiled because no usable IPDB/IOBJ from previous compilation was found.
  코드를 생성했습니다.
DirectXTK_X64.lib(DDSTextureLoader.obj) : warning LNK4099: 'DirectXTK_x64.pdb' PDB를 'DirectXTK_X64.lib(DDSTextureLoader.obj)' 또는 'D:\KOCCA_SVN\GA2ndFinal_HuriPyeo\5_Project\SeedVault\x64\Release\DirectXTK_x64.pdb'에서 찾을 수 없습니다. 디버그 정보가 없는 것처럼 개체를 링크합니다.
DirectXTK_X64.lib(pch.obj) : warning LNK4099: 'DirectXTK_x64.pdb' PDB를 'DirectXTK_X64.lib(pch.obj)' 또는 'D:\KOCCA_SVN\GA2ndFinal_HuriPyeo\5_Project\SeedVault\x64\Release\DirectXTK_x64.pdb'에서 찾을 수 없습니다. 디버그 정보가 없는 것처럼 개체를 링크합니다.
DirectXTK_X64.lib(WICTextureLoader.obj) : warning LNK4099: 'DirectXTK_x64.pdb' PDB를 'DirectXTK_X64.lib(WICTextureLoader.obj)' 또는 'D:\KOCCA_SVN\GA2ndFinal_HuriPyeo\5_Project\SeedVault\x64\Release\DirectXTK_x64.pdb'에서 찾을 수 없습니다. 디버그 정보가 없는 것처럼 개체를 링크합니다.
DirectXTex_Release.lib(BC.obj) : warning LNK4099: 'DirectXTex_Release.pdb' PDB를 'DirectXTex_Release.lib(BC.obj)' 또는 'D:\KOCCA_SVN\GA2ndFinal_HuriPyeo\5_Project\SeedVault\x64\Release\DirectXTex_Release.pdb'에서 찾을 수 없습니다. 디버그 정보가 없는 것처럼 개체를 링크합니다.
DirectXTex_Release.lib(BC4BC5.obj) : warning LNK4099: 'DirectXTex_Release.pdb' PDB를 'DirectXTex_Release.lib(BC4BC5.obj)' 또는 'D:\KOCCA_SVN\GA2ndFinal_HuriPyeo\5_Project\SeedVault\x64\Release\DirectXTex_Release.pdb'에서 찾을 수 없습니다. 디버그 정보가 없는 것처럼 개체를 링크합니다.
DirectXTex_Release.lib(BC6HBC7.obj) : warning LNK4099: '' PDB를 'DirectXTex_Release.lib(BC6HBC7.obj)' 또는 ''에서 찾을 수 없습니다. 디버그 정보가 없는 것처럼 개체를 링크합니다.
DirectXTex_Release.lib(DirectXTexCompress.obj) : warning LNK4099: 'DirectXTex_Release.pdb' PDB를 'DirectXTex_Release.lib(DirectXTexCompress.obj)' 또는 'D:\KOCCA_SVN\GA2ndFinal_HuriPyeo\5_Project\SeedVault\x64\Release\DirectXTex_Release.pdb'에서 찾을 수 없습니다. 디버그 정보가 없는 것처럼 개체를 링크합니다.
DirectXTex_Release.lib(DirectXTexConvert.obj) : warning LNK4099: '' PDB를 'DirectXTex_Release.lib(DirectXTexConvert.obj)' 또는 ''에서 찾을 수 없습니다. 디버그 정보가 없는 것처럼 개체를 링크합니다.
DirectXTex_Release.lib(DirectXTexD3D11.obj) : warning LNK4099: 'DirectXTex_Release.pdb' PDB를 'DirectXTex_Release.lib(DirectXTexD3D11.obj)' 또는 'D:\KOCCA_SVN\GA2ndFinal_HuriPyeo\5_Project\SeedVault\x64\Release\DirectXTex_Release.pdb'에서 찾을 수 없습니다. 디버그 정보가 없는 것처럼 개체를 링크합니다.
DirectXTex_Release.lib(DirectXTexHDR.obj) : warning LNK4099: 'DirectXTex_Release.pdb' PDB를 'DirectXTex_Release.lib(DirectXTexHDR.obj)' 또는 'D:\KOCCA_SVN\GA2ndFinal_HuriPyeo\5_Project\SeedVault\x64\Release\DirectXTex_Release.pdb'에서 찾을 수 없습니다. 디버그 정보가 없는 것처럼 개체를 링크합니다.
DirectXTex_Release.lib(DirectXTexImage.obj) : warning LNK4099: 'DirectXTex_Release.pdb' PDB를 'DirectXTex_Release.lib(DirectXTexImage.obj)' 또는 'D:\KOCCA_SVN\GA2ndFinal_HuriPyeo\5_Project\SeedVault\x64\Release\DirectXTex_Release.pdb'에서 찾을 수 없습니다. 디버그 정보가 없는 것처럼 개체를 링크합니다.
DirectXTex_Release.lib(DirectXTexMipMaps.obj) : warning LNK4099: 'DirectXTex_Release.pdb' PDB를 'DirectXTex_Release.lib(DirectXTexMipMaps.obj)' 또는 'D:\KOCCA_SVN\GA2ndFinal_HuriPyeo\5_Project\SeedVault\x64\Release\DirectXTex_Release.pdb'에서 찾을 수 없습니다. 디버그 정보가 없는 것처럼 개체를 링크합니다.
DirectXTex_Release.lib(DirectXTexUtil.obj) : warning LNK4099: 'DirectXTex_Release.pdb' PDB를 'DirectXTex_Release.lib(DirectXTexUtil.obj)' 또는 'D:\KOCCA_SVN\GA2ndFinal_HuriPyeo\5_Project\SeedVault\x64\Release\DirectXTex_Release.pdb'에서 찾을 수 없습니다. 디버그 정보가 없는 것처럼 개체를 링크합니다.
  ResourceManager.vcxproj -> D:\KOCCA_SVN\GA2ndFinal_HuriPyeo\5_Project\SeedVault\x64\Release\ResourceManager_Release.dll
