d:\kocca_svn\ga2ndfinal_huripyeo\5_project\resourcemanager\resourcemanager\x64\release\resourcemanager_release.pch
d:\kocca_svn\ga2ndfinal_huripyeo\5_project\resourcemanager\resourcemanager\x64\release\vc142.pdb
d:\kocca_svn\ga2ndfinal_huripyeo\5_project\resourcemanager\resourcemanager\x64\release\pch.obj
d:\kocca_svn\ga2ndfinal_huripyeo\5_project\resourcemanager\resourcemanager\x64\release\vertexhelper.obj
d:\kocca_svn\ga2ndfinal_huripyeo\5_project\resourcemanager\resourcemanager\x64\release\shaders.obj
d:\kocca_svn\ga2ndfinal_huripyeo\5_project\resourcemanager\resourcemanager\x64\release\dx11resourcemanager.obj
d:\kocca_svn\ga2ndfinal_huripyeo\5_project\resourcemanager\resourcemanager\x64\release\matserializer.obj
d:\kocca_svn\ga2ndfinal_huripyeo\5_project\resourcemanager\resourcemanager\x64\release\matdeserializer.obj
d:\kocca_svn\ga2ndfinal_huripyeo\5_project\resourcemanager\resourcemanager\x64\release\inputlayout.obj
d:\kocca_svn\ga2ndfinal_huripyeo\5_project\resourcemanager\resourcemanager\x64\release\dx11meshfactory.obj
d:\kocca_svn\ga2ndfinal_huripyeo\5_project\resourcemanager\resourcemanager\x64\release\dllmain.obj
d:\kocca_svn\ga2ndfinal_huripyeo\5_project\resourcemanager\resourcemanager\x64\release\binarydeserializer.obj
d:\kocca_svn\ga2ndfinal_huripyeo\5_project\seedvault\x64\release\resourcemanager_release.dll
d:\kocca_svn\ga2ndfinal_huripyeo\5_project\resourcemanager\resourcemanager\x64\release\resourcemanager_release.ipdb
d:\kocca_svn\ga2ndfinal_huripyeo\5_project\resourcemanager\resourcemanager\x64\release\resourcemanager_release.iobj
d:\kocca_svn\ga2ndfinal_huripyeo\5_project\seedvault\x64\release\resourcemanager_release.pdb
d:\kocca_svn\ga2ndfinal_huripyeo\5_project\seedvault\x64\release\resourcemanager_release.lib
d:\kocca_svn\ga2ndfinal_huripyeo\5_project\seedvault\x64\release\resourcemanager_release.exp
d:\kocca_svn\ga2ndfinal_huripyeo\5_project\resourcemanager\resourcemanager\x64\release\resourcemanager.tlog\cl.command.1.tlog
d:\kocca_svn\ga2ndfinal_huripyeo\5_project\resourcemanager\resourcemanager\x64\release\resourcemanager.tlog\cl.read.1.tlog
d:\kocca_svn\ga2ndfinal_huripyeo\5_project\resourcemanager\resourcemanager\x64\release\resourcemanager.tlog\cl.write.1.tlog
d:\kocca_svn\ga2ndfinal_huripyeo\5_project\resourcemanager\resourcemanager\x64\release\resourcemanager.tlog\link.command.1.tlog
d:\kocca_svn\ga2ndfinal_huripyeo\5_project\resourcemanager\resourcemanager\x64\release\resourcemanager.tlog\link.read.1.tlog
d:\kocca_svn\ga2ndfinal_huripyeo\5_project\resourcemanager\resourcemanager\x64\release\resourcemanager.tlog\link.write.1.tlog
d:\kocca_svn\ga2ndfinal_huripyeo\5_project\resourcemanager\resourcemanager\x64\release\resourcemanager.tlog\resourcemanager.write.1u.tlog
