  pch.cpp
  dllmain.cpp
  IdDll.cpp
  IDManager.cpp
  코드를 생성하고 있습니다...
     D:\KOCCA_SVN\GA2ndFinal_HuriPyeo\5_Project\SeedVault\x64\Debug\IdSystem.lib 라이브러리 및 D:\KOCCA_SVN\GA2ndFinal_HuriPyeo\5_Project\SeedVault\x64\Debug\IdSystem.exp 개체를 생성하고 있습니다.
  IdSystem.vcxproj -> D:\KOCCA_SVN\GA2ndFinal_HuriPyeo\5_Project\SeedVault\x64\Debug\IdSystem.dll
  D:\KOCCA_SVN\GA2ndFinal_HuriPyeo\5_Project\SeedVault\x64\Debug\fmod.dll
  D:\KOCCA_SVN\GA2ndFinal_HuriPyeo\5_Project\SeedVault\x64\Debug\fmodL.dll
  D:\KOCCA_SVN\GA2ndFinal_HuriPyeo\5_Project\SeedVault\x64\Debug\fmodstudio.dll
  D:\KOCCA_SVN\GA2ndFinal_HuriPyeo\5_Project\SeedVault\x64\Debug\fmodstudioL.dll
  D:\KOCCA_SVN\GA2ndFinal_HuriPyeo\5_Project\SeedVault\x64\Debug\IdSystem.dll
  D:\KOCCA_SVN\GA2ndFinal_HuriPyeo\5_Project\SeedVault\x64\Debug\libfbxsdk.dll
  D:\KOCCA_SVN\GA2ndFinal_HuriPyeo\5_Project\SeedVault\x64\Debug\PhysXCommon_64.dll
  D:\KOCCA_SVN\GA2ndFinal_HuriPyeo\5_Project\SeedVault\x64\Debug\PhysXCooking_64.dll
  D:\KOCCA_SVN\GA2ndFinal_HuriPyeo\5_Project\SeedVault\x64\Debug\PhysXFoundation_64.dll
  D:\KOCCA_SVN\GA2ndFinal_HuriPyeo\5_Project\SeedVault\x64\Debug\PhysX_64.dll
         10개 파일이 복사되었습니다.
  D:\KOCCA_SVN\GA2ndFinal_HuriPyeo\5_Project\SeedVault\x64\Debug\IdSystem.lib
  D:\KOCCA_SVN\GA2ndFinal_HuriPyeo\5_Project\SeedVault\x64\Debug\PhysXCommon_64.lib
  D:\KOCCA_SVN\GA2ndFinal_HuriPyeo\5_Project\SeedVault\x64\Debug\PhysXCooking_64.lib
  D:\KOCCA_SVN\GA2ndFinal_HuriPyeo\5_Project\SeedVault\x64\Debug\PhysXExtensions_static_64.lib
  D:\KOCCA_SVN\GA2ndFinal_HuriPyeo\5_Project\SeedVault\x64\Debug\PhysXFoundation_64.lib
  D:\KOCCA_SVN\GA2ndFinal_HuriPyeo\5_Project\SeedVault\x64\Debug\PhysX_64.lib
          6개 파일이 복사되었습니다.
